
> cybersage-mail@0.1.0 worker
> tsx scripts/worker.ts

{"level":30,"time":1778622363880,"pid":14128,"hostname":"Peeyush","msg":"🚀 CyberSage Background Workers Starting..."}
{"level":30,"time":1778622662277,"pid":14128,"hostname":"Peeyush","email":"peeyushacoe@gmail.com","logId":"cmp360ded0005kwlq5corkd3r","msg":"DLP Scan starting"}
{"level":30,"time":1778622662277,"pid":14128,"hostname":"Peeyush","email":"peeyushacoe@gmail.com","logId":"cmp360ded0005kwlq5corkd3r","msg":"DLP Scan clean. Forwarding to Email Queue."}
{"level":30,"time":1778622662323,"pid":14128,"hostname":"Peeyush","email":"peeyushacoe@gmail.com","logId":"cmp360ded0005kwlq5corkd3r","msg":"Processing email job"}
(node:14128) Warning: SECURITY WARNING: The SSL modes 'prefer', 'require', and 'verify-ca' are treated as aliases for 'verify-full'.
In the next major version (pg-connection-string v3.0.0 and pg v9.0.0), these modes will adopt standard libpq semantics, which have weaker security guarantees.

To prepare for this change:
- If you want the current behavior, explicitly use 'sslmode=verify-full'
- If you want libpq compatibility now, use 'uselibpqcompat=true&sslmode=require'

See https://www.postgresql.org/docs/current/libpq-ssl.html for libpq SSL mode definitions.
(Use `node --trace-warnings ...` to show where the warning was created)
{"level":30,"time":1778622663676,"pid":14128,"hostname":"Peeyush","email":"peeyushacoe@gmail.com","resendId":"b13446e2-15b2-4799-9c0b-c898e175488c","msg":"Successfully sent email"}
Error: read ECONNRESET
    at TLSWrap.onStreamRead (node:internal/stream_base_commons:216:20) {
  errno: -4077,
  code: 'ECONNRESET',
  syscall: 'read'
}
[ioredis] Unhandled error event: Error: read ECONNRESET
    at TLSWrap.onStreamRead (node:internal/stream_base_commons:216:20)
Error: read ECONNRESET
    at TLSWrap.onStreamRead (node:internal/stream_base_commons:216:20) {
  errno: -4077,
  code: 'ECONNRESET',
  syscall: 'read'
}
Error: read ECONNRESET
    at TLSWrap.onStreamRead (node:internal/stream_base_commons:216:20) {
  errno: -4077,
  code: 'ECONNRESET',
  syscall: 'read'
}
Error: read ECONNRESET
    at TLSWrap.onStreamRead (node:internal/stream_base_commons:216:20) {
  errno: -4077,
  code: 'ECONNRESET',
  syscall: 'read'
}
Error: read ECONNRESET
    at TLSWrap.onStreamRead (node:internal/stream_base_commons:216:20) {
  errno: -4077,
  code: 'ECONNRESET',
  syscall: 'read'
}
Error: getaddrinfo ENOTFOUND devoted-mammal-120812.upstash.io
    at GetAddrInfoReqWrap.onlookupall [as oncomplete] (node:dns:122:26) {
  errno: -3008,
  code: 'ENOTFOUND',
  syscall: 'getaddrinfo',
  hostname: 'devoted-mammal-120812.upstash.io'
}
Error: getaddrinfo ENOTFOUND devoted-mammal-120812.upstash.io
    at GetAddrInfoReqWrap.onlookupall [as oncomplete] (node:dns:122:26) {
  errno: -3008,
  code: 'ENOTFOUND',
  syscall: 'getaddrinfo',
  hostname: 'devoted-mammal-120812.upstash.io'
}
Error: getaddrinfo ENOTFOUND devoted-mammal-120812.upstash.io
    at GetAddrInfoReqWrap.onlookupall [as oncomplete] (node:dns:122:26) {
  errno: -3008,
  code: 'ENOTFOUND',
  syscall: 'getaddrinfo',
  hostname: 'devoted-mammal-120812.upstash.io'
}
Error: getaddrinfo ENOTFOUND devoted-mammal-120812.upstash.io
    at GetAddrInfoReqWrap.onlookupall [as oncomplete] (node:dns:122:26) {
  errno: -3008,
  code: 'ENOTFOUND',
  syscall: 'getaddrinfo',
  hostname: 'devoted-mammal-120812.upstash.io'
}
[ioredis] Unhandled error event: Error: getaddrinfo ENOTFOUND devoted-mammal-120812.upstash.io
    at GetAddrInfoReqWrap.onlookupall [as oncomplete] (node:dns:122:26)
Error: getaddrinfo ENOTFOUND devoted-mammal-120812.upstash.io
    at GetAddrInfoReqWrap.onlookupall [as oncomplete] (node:dns:122:26) {
  errno: -3008,
  code: 'ENOTFOUND',
  syscall: 'getaddrinfo',
  hostname: 'devoted-mammal-120812.upstash.io'
}
Error: getaddrinfo ENOTFOUND devoted-mammal-120812.upstash.io
    at GetAddrInfoReqWrap.onlookupall [as oncomplete] (node:dns:122:26) {
  errno: -3008,
  code: 'ENOTFOUND',
  syscall: 'getaddrinfo',
  hostname: 'devoted-mammal-120812.upstash.io'
}
Error: getaddrinfo ENOTFOUND devoted-mammal-120812.upstash.io
    at GetAddrInfoReqWrap.onlookupall [as oncomplete] (node:dns:122:26) {
  errno: -3008,
  code: 'ENOTFOUND',
  syscall: 'getaddrinfo',
  hostname: 'devoted-mammal-120812.upstash.io'
}
Error: getaddrinfo ENOTFOUND devoted-mammal-120812.upstash.io
    at GetAddrInfoReqWrap.onlookupall [as oncomplete] (node:dns:122:26) {
  errno: -3008,
  code: 'ENOTFOUND',
  syscall: 'getaddrinfo',
  hostname: 'devoted-mammal-120812.upstash.io'
}
Error: getaddrinfo ENOTFOUND devoted-mammal-120812.upstash.io
    at GetAddrInfoReqWrap.onlookupall [as oncomplete] (node:dns:122:26) {
  errno: -3008,
  code: 'ENOTFOUND',
  syscall: 'getaddrinfo',
  hostname: 'devoted-mammal-120812.upstash.io'
}
Error: getaddrinfo ENOTFOUND devoted-mammal-120812.upstash.io
    at GetAddrInfoReqWrap.onlookupall [as oncomplete] (node:dns:122:26) {
  errno: -3008,
  code: 'ENOTFOUND',
  syscall: 'getaddrinfo',
  hostname: 'devoted-mammal-120812.upstash.io'
}
[ioredis] Unhandled error event: Error: getaddrinfo ENOTFOUND devoted-mammal-120812.upstash.io
    at GetAddrInfoReqWrap.onlookupall [as oncomplete] (node:dns:122:26)
Error: getaddrinfo ENOTFOUND devoted-mammal-120812.upstash.io
    at GetAddrInfoReqWrap.onlookupall [as oncomplete] (node:dns:122:26) {
  errno: -3008,
  code: 'ENOTFOUND',
  syscall: 'getaddrinfo',
  hostname: 'devoted-mammal-120812.upstash.io'
}
Error: getaddrinfo ENOTFOUND devoted-mammal-120812.upstash.io
    at GetAddrInfoReqWrap.onlookupall [as oncomplete] (node:dns:122:26) {
  errno: -3008,
  code: 'ENOTFOUND',
  syscall: 'getaddrinfo',
  hostname: 'devoted-mammal-120812.upstash.io'
}
Error: getaddrinfo ENOTFOUND devoted-mammal-120812.upstash.io
    at GetAddrInfoReqWrap.onlookupall [as oncomplete] (node:dns:122:26) {
  errno: -3008,
  code: 'ENOTFOUND',
  syscall: 'getaddrinfo',
  hostname: 'devoted-mammal-120812.upstash.io'
}
Error: getaddrinfo ENOTFOUND devoted-mammal-120812.upstash.io
    at GetAddrInfoReqWrap.onlookupall [as oncomplete] (node:dns:122:26) {
  errno: -3008,
  code: 'ENOTFOUND',
  syscall: 'getaddrinfo',
  hostname: 'devoted-mammal-120812.upstash.io'
}
Error: getaddrinfo ENOTFOUND devoted-mammal-120812.upstash.io
    at GetAddrInfoReqWrap.onlookupall [as oncomplete] (node:dns:122:26) {
  errno: -3008,
  code: 'ENOTFOUND',
  syscall: 'getaddrinfo',
  hostname: 'devoted-mammal-120812.upstash.io'
}
Error: getaddrinfo ENOTFOUND devoted-mammal-120812.upstash.io
    at GetAddrInfoReqWrap.onlookupall [as oncomplete] (node:dns:122:26) {
  errno: -3008,
  code: 'ENOTFOUND',
  syscall: 'getaddrinfo',
  hostname: 'devoted-mammal-120812.upstash.io'
}
[ioredis] Unhandled error event: Error: getaddrinfo ENOTFOUND devoted-mammal-120812.upstash.io
    at GetAddrInfoReqWrap.onlookupall [as oncomplete] (node:dns:122:26)
Error: getaddrinfo ENOTFOUND devoted-mammal-120812.upstash.io
    at GetAddrInfoReqWrap.onlookupall [as oncomplete] (node:dns:122:26) {
  errno: -3008,
  code: 'ENOTFOUND',
  syscall: 'getaddrinfo',
  hostname: 'devoted-mammal-120812.upstash.io'
}
Error: getaddrinfo ENOTFOUND devoted-mammal-120812.upstash.io
    at GetAddrInfoReqWrap.onlookupall [as oncomplete] (node:dns:122:26) {
  errno: -3008,
  code: 'ENOTFOUND',
  syscall: 'getaddrinfo',
  hostname: 'devoted-mammal-120812.upstash.io'
}
Error: getaddrinfo ENOTFOUND devoted-mammal-120812.upstash.io
    at GetAddrInfoReqWrap.onlookupall [as oncomplete] (node:dns:122:26) {
  errno: -3008,
  code: 'ENOTFOUND',
  syscall: 'getaddrinfo',
  hostname: 'devoted-mammal-120812.upstash.io'
}
Error: getaddrinfo ENOTFOUND devoted-mammal-120812.upstash.io
    at GetAddrInfoReqWrap.onlookupall [as oncomplete] (node:dns:122:26) {
  errno: -3008,
  code: 'ENOTFOUND',
  syscall: 'getaddrinfo',
  hostname: 'devoted-mammal-120812.upstash.io'
}
Error: getaddrinfo ENOTFOUND devoted-mammal-120812.upstash.io
    at GetAddrInfoReqWrap.onlookupall [as oncomplete] (node:dns:122:26) {
  errno: -3008,
  code: 'ENOTFOUND',
  syscall: 'getaddrinfo',
  hostname: 'devoted-mammal-120812.upstash.io'
}
Error: getaddrinfo ENOTFOUND devoted-mammal-120812.upstash.io
    at GetAddrInfoReqWrap.onlookupall [as oncomplete] (node:dns:122:26) {
  errno: -3008,
  code: 'ENOTFOUND',
  syscall: 'getaddrinfo',
  hostname: 'devoted-mammal-120812.upstash.io'
}
[ioredis] Unhandled error event: Error: getaddrinfo ENOTFOUND devoted-mammal-120812.upstash.io
    at GetAddrInfoReqWrap.onlookupall [as oncomplete] (node:dns:122:26)
Error: getaddrinfo ENOTFOUND devoted-mammal-120812.upstash.io
    at GetAddrInfoReqWrap.onlookupall [as oncomplete] (node:dns:122:26) {
  errno: -3008,
  code: 'ENOTFOUND',
  syscall: 'getaddrinfo',
  hostname: 'devoted-mammal-120812.upstash.io'
}
Error: getaddrinfo ENOTFOUND devoted-mammal-120812.upstash.io
    at GetAddrInfoReqWrap.onlookupall [as oncomplete] (node:dns:122:26) {
  errno: -3008,
  code: 'ENOTFOUND',
  syscall: 'getaddrinfo',
  hostname: 'devoted-mammal-120812.upstash.io'
}
Error: getaddrinfo ENOTFOUND devoted-mammal-120812.upstash.io
    at GetAddrInfoReqWrap.onlookupall [as oncomplete] (node:dns:122:26) {
  errno: -3008,
  code: 'ENOTFOUND',
  syscall: 'getaddrinfo',
  hostname: 'devoted-mammal-120812.upstash.io'
}
Error: getaddrinfo ENOTFOUND devoted-mammal-120812.upstash.io
    at GetAddrInfoReqWrap.onlookupall [as oncomplete] (node:dns:122:26) {
  errno: -3008,
  code: 'ENOTFOUND',
  syscall: 'getaddrinfo',
  hostname: 'devoted-mammal-120812.upstash.io'
}
Error: getaddrinfo ENOTFOUND devoted-mammal-120812.upstash.io
    at GetAddrInfoReqWrap.onlookupall [as oncomplete] (node:dns:122:26) {
  errno: -3008,
  code: 'ENOTFOUND',
  syscall: 'getaddrinfo',
  hostname: 'devoted-mammal-120812.upstash.io'
}
Error: getaddrinfo ENOTFOUND devoted-mammal-120812.upstash.io
    at GetAddrInfoReqWrap.onlookupall [as oncomplete] (node:dns:122:26) {
  errno: -3008,
  code: 'ENOTFOUND',
  syscall: 'getaddrinfo',
  hostname: 'devoted-mammal-120812.upstash.io'
}
[ioredis] Unhandled error event: Error: getaddrinfo ENOTFOUND devoted-mammal-120812.upstash.io
    at GetAddrInfoReqWrap.onlookupall [as oncomplete] (node:dns:122:26)
Error: getaddrinfo ENOTFOUND devoted-mammal-120812.upstash.io
    at GetAddrInfoReqWrap.onlookupall [as oncomplete] (node:dns:122:26) {
  errno: -3008,
  code: 'ENOTFOUND',
  syscall: 'getaddrinfo',
  hostname: 'devoted-mammal-120812.upstash.io'
}
Error: getaddrinfo ENOTFOUND devoted-mammal-120812.upstash.io
    at GetAddrInfoReqWrap.onlookupall [as oncomplete] (node:dns:122:26) {
  errno: -3008,
  code: 'ENOTFOUND',
  syscall: 'getaddrinfo',
  hostname: 'devoted-mammal-120812.upstash.io'
}
Error: getaddrinfo ENOTFOUND devoted-mammal-120812.upstash.io
    at GetAddrInfoReqWrap.onlookupall [as oncomplete] (node:dns:122:26) {
  errno: -3008,
  code: 'ENOTFOUND',
  syscall: 'getaddrinfo',
  hostname: 'devoted-mammal-120812.upstash.io'
}
Error: getaddrinfo ENOTFOUND devoted-mammal-120812.upstash.io
    at GetAddrInfoReqWrap.onlookupall [as oncomplete] (node:dns:122:26) {
  errno: -3008,
  code: 'ENOTFOUND',
  syscall: 'getaddrinfo',
  hostname: 'devoted-mammal-120812.upstash.io'
}
Error: getaddrinfo ENOTFOUND devoted-mammal-120812.upstash.io
    at GetAddrInfoReqWrap.onlookupall [as oncomplete] (node:dns:122:26) {
  errno: -3008,
  code: 'ENOTFOUND',
  syscall: 'getaddrinfo',
  hostname: 'devoted-mammal-120812.upstash.io'
}
Error: getaddrinfo ENOTFOUND devoted-mammal-120812.upstash.io
    at GetAddrInfoReqWrap.onlookupall [as oncomplete] (node:dns:122:26) {
  errno: -3008,
  code: 'ENOTFOUND',
  syscall: 'getaddrinfo',
  hostname: 'devoted-mammal-120812.upstash.io'
}
Error: getaddrinfo ENOTFOUND devoted-mammal-120812.upstash.io
    at GetAddrInfoReqWrap.onlookupall [as oncomplete] (node:dns:122:26) {
  errno: -3008,
  code: 'ENOTFOUND',
  syscall: 'getaddrinfo',
  hostname: 'devoted-mammal-120812.upstash.io'
}
[ioredis] Unhandled error event: Error: getaddrinfo ENOTFOUND devoted-mammal-120812.upstash.io
    at GetAddrInfoReqWrap.onlookupall [as oncomplete] (node:dns:122:26)
Error: getaddrinfo ENOTFOUND devoted-mammal-120812.upstash.io
    at GetAddrInfoReqWrap.onlookupall [as oncomplete] (node:dns:122:26) {
  errno: -3008,
  code: 'ENOTFOUND',
  syscall: 'getaddrinfo',
  hostname: 'devoted-mammal-120812.upstash.io'
}
Error: getaddrinfo ENOTFOUND devoted-mammal-120812.upstash.io
    at GetAddrInfoReqWrap.onlookupall [as oncomplete] (node:dns:122:26) {
  errno: -3008,
  code: 'ENOTFOUND',
  syscall: 'getaddrinfo',
  hostname: 'devoted-mammal-120812.upstash.io'
}
Error: getaddrinfo ENOTFOUND devoted-mammal-120812.upstash.io
    at GetAddrInfoReqWrap.onlookupall [as oncomplete] (node:dns:122:26) {
  errno: -3008,
  code: 'ENOTFOUND',
  syscall: 'getaddrinfo',
  hostname: 'devoted-mammal-120812.upstash.io'
}
Error: getaddrinfo ENOTFOUND devoted-mammal-120812.upstash.io
    at GetAddrInfoReqWrap.onlookupall [as oncomplete] (node:dns:122:26) {
  errno: -3008,
  code: 'ENOTFOUND',
  syscall: 'getaddrinfo',
  hostname: 'devoted-mammal-120812.upstash.io'
}
Error: getaddrinfo ENOTFOUND devoted-mammal-120812.upstash.io
    at GetAddrInfoReqWrap.onlookupall [as oncomplete] (node:dns:122:26) {
  errno: -3008,
  code: 'ENOTFOUND',
  syscall: 'getaddrinfo',
  hostname: 'devoted-mammal-120812.upstash.io'
}
Error: getaddrinfo ENOTFOUND devoted-mammal-120812.upstash.io
    at GetAddrInfoReqWrap.onlookupall [as oncomplete] (node:dns:122:26) {
  errno: -3008,
  code: 'ENOTFOUND',
  syscall: 'getaddrinfo',
  hostname: 'devoted-mammal-120812.upstash.io'
}
[ioredis] Unhandled error event: Error: getaddrinfo ENOTFOUND devoted-mammal-120812.upstash.io
    at GetAddrInfoReqWrap.onlookupall [as oncomplete] (node:dns:122:26)
Error: getaddrinfo ENOTFOUND devoted-mammal-120812.upstash.io
    at GetAddrInfoReqWrap.onlookupall [as oncomplete] (node:dns:122:26) {
  errno: -3008,
  code: 'ENOTFOUND',
  syscall: 'getaddrinfo',
  hostname: 'devoted-mammal-120812.upstash.io'
}
Error: getaddrinfo ENOTFOUND devoted-mammal-120812.upstash.io
    at GetAddrInfoReqWrap.onlookupall [as oncomplete] (node:dns:122:26) {
  errno: -3008,
  code: 'ENOTFOUND',
  syscall: 'getaddrinfo',
  hostname: 'devoted-mammal-120812.upstash.io'
}
Error: getaddrinfo ENOTFOUND devoted-mammal-120812.upstash.io
    at GetAddrInfoReqWrap.onlookupall [as oncomplete] (node:dns:122:26) {
  errno: -3008,
  code: 'ENOTFOUND',
  syscall: 'getaddrinfo',
  hostname: 'devoted-mammal-120812.upstash.io'
}
Error: getaddrinfo ENOTFOUND devoted-mammal-120812.upstash.io
    at GetAddrInfoReqWrap.onlookupall [as oncomplete] (node:dns:122:26) {
  errno: -3008,
  code: 'ENOTFOUND',
  syscall: 'getaddrinfo',
  hostname: 'devoted-mammal-120812.upstash.io'
}
Error: getaddrinfo ENOTFOUND devoted-mammal-120812.upstash.io
    at GetAddrInfoReqWrap.onlookupall [as oncomplete] (node:dns:122:26) {
  errno: -3008,
  code: 'ENOTFOUND',
  syscall: 'getaddrinfo',
  hostname: 'devoted-mammal-120812.upstash.io'
}
Error: getaddrinfo ENOTFOUND devoted-mammal-120812.upstash.io
    at GetAddrInfoReqWrap.onlookupall [as oncomplete] (node:dns:122:26) {
  errno: -3008,
  code: 'ENOTFOUND',
  syscall: 'getaddrinfo',
  hostname: 'devoted-mammal-120812.upstash.io'
}
[ioredis] Unhandled error event: Error: getaddrinfo ENOTFOUND devoted-mammal-120812.upstash.io
    at GetAddrInfoReqWrap.onlookupall [as oncomplete] (node:dns:122:26)
Error: getaddrinfo ENOTFOUND devoted-mammal-120812.upstash.io
    at GetAddrInfoReqWrap.onlookupall [as oncomplete] (node:dns:122:26) {
  errno: -3008,
  code: 'ENOTFOUND',
  syscall: 'getaddrinfo',
  hostname: 'devoted-mammal-120812.upstash.io'
}
Error: getaddrinfo ENOTFOUND devoted-mammal-120812.upstash.io
    at GetAddrInfoReqWrap.onlookupall [as oncomplete] (node:dns:122:26) {
  errno: -3008,
  code: 'ENOTFOUND',
  syscall: 'getaddrinfo',
  hostname: 'devoted-mammal-120812.upstash.io'
}
Error: getaddrinfo ENOTFOUND devoted-mammal-120812.upstash.io
    at GetAddrInfoReqWrap.onlookupall [as oncomplete] (node:dns:122:26) {
  errno: -3008,
  code: 'ENOTFOUND',
  syscall: 'getaddrinfo',
  hostname: 'devoted-mammal-120812.upstash.io'
}
Error: getaddrinfo ENOTFOUND devoted-mammal-120812.upstash.io
    at GetAddrInfoReqWrap.onlookupall [as oncomplete] (node:dns:122:26) {
  errno: -3008,
  code: 'ENOTFOUND',
  syscall: 'getaddrinfo',
  hostname: 'devoted-mammal-120812.upstash.io'
}
Error: getaddrinfo ENOTFOUND devoted-mammal-120812.upstash.io
    at GetAddrInfoReqWrap.onlookupall [as oncomplete] (node:dns:122:26) {
  errno: -3008,
  code: 'ENOTFOUND',
  syscall: 'getaddrinfo',
  hostname: 'devoted-mammal-120812.upstash.io'
}
Error: getaddrinfo ENOTFOUND devoted-mammal-120812.upstash.io
    at GetAddrInfoReqWrap.onlookupall [as oncomplete] (node:dns:122:26) {
  errno: -3008,
  code: 'ENOTFOUND',
  syscall: 'getaddrinfo',
  hostname: 'devoted-mammal-120812.upstash.io'
}
[ioredis] Unhandled error event: Error: getaddrinfo ENOTFOUND devoted-mammal-120812.upstash.io
    at GetAddrInfoReqWrap.onlookupall [as oncomplete] (node:dns:122:26)
Error: getaddrinfo ENOTFOUND devoted-mammal-120812.upstash.io
    at GetAddrInfoReqWrap.onlookupall [as oncomplete] (node:dns:122:26) {
  errno: -3008,
  code: 'ENOTFOUND',
  syscall: 'getaddrinfo',
  hostname: 'devoted-mammal-120812.upstash.io'
}
Error: getaddrinfo ENOTFOUND devoted-mammal-120812.upstash.io
    at GetAddrInfoReqWrap.onlookupall [as oncomplete] (node:dns:122:26) {
  errno: -3008,
  code: 'ENOTFOUND',
  syscall: 'getaddrinfo',
  hostname: 'devoted-mammal-120812.upstash.io'
}
Error: getaddrinfo ENOTFOUND devoted-mammal-120812.upstash.io
    at GetAddrInfoReqWrap.onlookupall [as oncomplete] (node:dns:122:26) {
  errno: -3008,
  code: 'ENOTFOUND',
  syscall: 'getaddrinfo',
  hostname: 'devoted-mammal-120812.upstash.io'
}
Error: getaddrinfo ENOTFOUND devoted-mammal-120812.upstash.io
    at GetAddrInfoReqWrap.onlookupall [as oncomplete] (node:dns:122:26) {
  errno: -3008,
  code: 'ENOTFOUND',
  syscall: 'getaddrinfo',
  hostname: 'devoted-mammal-120812.upstash.io'
}
Error: getaddrinfo ENOTFOUND devoted-mammal-120812.upstash.io
    at GetAddrInfoReqWrap.onlookupall [as oncomplete] (node:dns:122:26) {
  errno: -3008,
  code: 'ENOTFOUND',
  syscall: 'getaddrinfo',
  hostname: 'devoted-mammal-120812.upstash.io'
}
Error: getaddrinfo ENOTFOUND devoted-mammal-120812.upstash.io
    at GetAddrInfoReqWrap.onlookupall [as oncomplete] (node:dns:122:26) {
  errno: -3008,
  code: 'ENOTFOUND',
  syscall: 'getaddrinfo',
  hostname: 'devoted-mammal-120812.upstash.io'
}
[ioredis] Unhandled error event: Error: getaddrinfo ENOTFOUND devoted-mammal-120812.upstash.io
    at GetAddrInfoReqWrap.onlookupall [as oncomplete] (node:dns:122:26)
Error: getaddrinfo ENOTFOUND devoted-mammal-120812.upstash.io
    at GetAddrInfoReqWrap.onlookupall [as oncomplete] (node:dns:122:26) {
  errno: -3008,
  code: 'ENOTFOUND',
  syscall: 'getaddrinfo',
  hostname: 'devoted-mammal-120812.upstash.io'
}
Error: getaddrinfo ENOTFOUND devoted-mammal-120812.upstash.io
    at GetAddrInfoReqWrap.onlookupall [as oncomplete] (node:dns:122:26) {
  errno: -3008,
  code: 'ENOTFOUND',
  syscall: 'getaddrinfo',
  hostname: 'devoted-mammal-120812.upstash.io'
}
Error: getaddrinfo ENOTFOUND devoted-mammal-120812.upstash.io
    at GetAddrInfoReqWrap.onlookupall [as oncomplete] (node:dns:122:26) {
  errno: -3008,
  code: 'ENOTFOUND',
  syscall: 'getaddrinfo',
  hostname: 'devoted-mammal-120812.upstash.io'
}
Error: getaddrinfo ENOTFOUND devoted-mammal-120812.upstash.io
    at GetAddrInfoReqWrap.onlookupall [as oncomplete] (node:dns:122:26) {
  errno: -3008,
  code: 'ENOTFOUND',
  syscall: 'getaddrinfo',
  hostname: 'devoted-mammal-120812.upstash.io'
}
Error: getaddrinfo ENOTFOUND devoted-mammal-120812.upstash.io
    at GetAddrInfoReqWrap.onlookupall [as oncomplete] (node:dns:122:26) {
  errno: -3008,
  code: 'ENOTFOUND',
  syscall: 'getaddrinfo',
  hostname: 'devoted-mammal-120812.upstash.io'
}
Error: getaddrinfo ENOTFOUND devoted-mammal-120812.upstash.io
    at GetAddrInfoReqWrap.onlookupall [as oncomplete] (node:dns:122:26) {
  errno: -3008,
  code: 'ENOTFOUND',
  syscall: 'getaddrinfo',
  hostname: 'devoted-mammal-120812.upstash.io'
}
[ioredis] Unhandled error event: Error: getaddrinfo ENOTFOUND devoted-mammal-120812.upstash.io
    at GetAddrInfoReqWrap.onlookupall [as oncomplete] (node:dns:122:26)
Error: getaddrinfo ENOTFOUND devoted-mammal-120812.upstash.io
    at GetAddrInfoReqWrap.onlookupall [as oncomplete] (node:dns:122:26) {
  errno: -3008,
  code: 'ENOTFOUND',
  syscall: 'getaddrinfo',
  hostname: 'devoted-mammal-120812.upstash.io'
}
[ioredis] Unhandled error event: Error: getaddrinfo ENOTFOUND devoted-mammal-120812.upstash.io
    at GetAddrInfoReqWrap.onlookupall [as oncomplete] (node:dns:122:26)
Error: getaddrinfo ENOTFOUND devoted-mammal-120812.upstash.io
    at GetAddrInfoReqWrap.onlookupall [as oncomplete] (node:dns:122:26) {
  errno: -3008,
  code: 'ENOTFOUND',
  syscall: 'getaddrinfo',
  hostname: 'devoted-mammal-120812.upstash.io'
}
Error: getaddrinfo ENOTFOUND devoted-mammal-120812.upstash.io
    at GetAddrInfoReqWrap.onlookupall [as oncomplete] (node:dns:122:26) {
  errno: -3008,
  code: 'ENOTFOUND',
  syscall: 'getaddrinfo',
  hostname: 'devoted-mammal-120812.upstash.io'
}
Error: getaddrinfo ENOTFOUND devoted-mammal-120812.upstash.io
    at GetAddrInfoReqWrap.onlookupall [as oncomplete] (node:dns:122:26) {
  errno: -3008,
  code: 'ENOTFOUND',
  syscall: 'getaddrinfo',
  hostname: 'devoted-mammal-120812.upstash.io'
}
Error: getaddrinfo ENOTFOUND devoted-mammal-120812.upstash.io
    at GetAddrInfoReqWrap.onlookupall [as oncomplete] (node:dns:122:26) {
  errno: -3008,
  code: 'ENOTFOUND',
  syscall: 'getaddrinfo',
  hostname: 'devoted-mammal-120812.upstash.io'
}
Error: getaddrinfo ENOTFOUND devoted-mammal-120812.upstash.io
    at GetAddrInfoReqWrap.onlookupall [as oncomplete] (node:dns:122:26) {
  errno: -3008,
  code: 'ENOTFOUND',
  syscall: 'getaddrinfo',
  hostname: 'devoted-mammal-120812.upstash.io'
}
Error: getaddrinfo ENOTFOUND devoted-mammal-120812.upstash.io
    at GetAddrInfoReqWrap.onlookupall [as oncomplete] (node:dns:122:26) {
  errno: -3008,
  code: 'ENOTFOUND',
  syscall: 'getaddrinfo',
  hostname: 'devoted-mammal-120812.upstash.io'
}
Error: getaddrinfo ENOTFOUND devoted-mammal-120812.upstash.io
    at GetAddrInfoReqWrap.onlookupall [as oncomplete] (node:dns:122:26) {
  errno: -3008,
  code: 'ENOTFOUND',
  syscall: 'getaddrinfo',
  hostname: 'devoted-mammal-120812.upstash.io'
}
Error: getaddrinfo ENOTFOUND devoted-mammal-120812.upstash.io
    at GetAddrInfoReqWrap.onlookupall [as oncomplete] (node:dns:122:26) {
  errno: -3008,
  code: 'ENOTFOUND',
  syscall: 'getaddrinfo',
  hostname: 'devoted-mammal-120812.upstash.io'
}
Error: getaddrinfo ENOTFOUND devoted-mammal-120812.upstash.io
    at GetAddrInfoReqWrap.onlookupall [as oncomplete] (node:dns:122:26) {
  errno: -3008,
  code: 'ENOTFOUND',
  syscall: 'getaddrinfo',
  hostname: 'devoted-mammal-120812.upstash.io'
}
Error: getaddrinfo ENOTFOUND devoted-mammal-120812.upstash.io
    at GetAddrInfoReqWrap.onlookupall [as oncomplete] (node:dns:122:26) {
  errno: -3008,
  code: 'ENOTFOUND',
  syscall: 'getaddrinfo',
  hostname: 'devoted-mammal-120812.upstash.io'
}
[ioredis] Unhandled error event: Error: getaddrinfo ENOTFOUND devoted-mammal-120812.upstash.io
    at GetAddrInfoReqWrap.onlookupall [as oncomplete] (node:dns:122:26)
Error: getaddrinfo ENOTFOUND devoted-mammal-120812.upstash.io
    at GetAddrInfoReqWrap.onlookupall [as oncomplete] (node:dns:122:26) {
  errno: -3008,
  code: 'ENOTFOUND',
  syscall: 'getaddrinfo',
  hostname: 'devoted-mammal-120812.upstash.io'
}
Error: getaddrinfo ENOTFOUND devoted-mammal-120812.upstash.io
    at GetAddrInfoReqWrap.onlookupall [as oncomplete] (node:dns:122:26) {
  errno: -3008,
  code: 'ENOTFOUND',
  syscall: 'getaddrinfo',
  hostname: 'devoted-mammal-120812.upstash.io'
}
[ioredis] Unhandled error event: Error: getaddrinfo ENOTFOUND devoted-mammal-120812.upstash.io
    at GetAddrInfoReqWrap.onlookupall [as oncomplete] (node:dns:122:26)
Error: getaddrinfo ENOTFOUND devoted-mammal-120812.upstash.io
    at GetAddrInfoReqWrap.onlookupall [as oncomplete] (node:dns:122:26) {
  errno: -3008,
  code: 'ENOTFOUND',
  syscall: 'getaddrinfo',
  hostname: 'devoted-mammal-120812.upstash.io'
}
Error: getaddrinfo ENOTFOUND devoted-mammal-120812.upstash.io
    at GetAddrInfoReqWrap.onlookupall [as oncomplete] (node:dns:122:26) {
  errno: -3008,
  code: 'ENOTFOUND',
  syscall: 'getaddrinfo',
  hostname: 'devoted-mammal-120812.upstash.io'
}
Error: getaddrinfo ENOTFOUND devoted-mammal-120812.upstash.io
    at GetAddrInfoReqWrap.onlookupall [as oncomplete] (node:dns:122:26) {
  errno: -3008,
  code: 'ENOTFOUND',
  syscall: 'getaddrinfo',
  hostname: 'devoted-mammal-120812.upstash.io'
}
Error: getaddrinfo ENOTFOUND devoted-mammal-120812.upstash.io
    at GetAddrInfoReqWrap.onlookupall [as oncomplete] (node:dns:122:26) {
  errno: -3008,
  code: 'ENOTFOUND',
  syscall: 'getaddrinfo',
  hostname: 'devoted-mammal-120812.upstash.io'
}
Error: getaddrinfo ENOTFOUND devoted-mammal-120812.upstash.io
    at GetAddrInfoReqWrap.onlookupall [as oncomplete] (node:dns:122:26) {
  errno: -3008,
  code: 'ENOTFOUND',
  syscall: 'getaddrinfo',
  hostname: 'devoted-mammal-120812.upstash.io'
}
Error: getaddrinfo ENOTFOUND devoted-mammal-120812.upstash.io
    at GetAddrInfoReqWrap.onlookupall [as oncomplete] (node:dns:122:26) {
  errno: -3008,
  code: 'ENOTFOUND',
  syscall: 'getaddrinfo',
  hostname: 'devoted-mammal-120812.upstash.io'
}
[ioredis] Unhandled error event: Error: read ECONNRESET
    at TLSWrap.onStreamRead (node:internal/stream_base_commons:216:20)
Error: write ECONNRESET
    at WriteWrap.onWriteComplete [as oncomplete] (node:internal/stream_base_commons:87:19)
    at handleWriteReq (node:internal/stream_base_commons:52:26)
    at writeGeneric (node:internal/stream_base_commons:148:15)
    at Socket._writeGeneric (node:net:966:11)
    at Socket._write (node:net:978:8)
    at doWrite (node:internal/streams/writable:596:12)
    at clearBuffer (node:internal/streams/writable:781:7)
    at onwrite (node:internal/streams/writable:651:7)
    at WriteWrap.onWriteComplete [as oncomplete] (node:internal/stream_base_commons:105:10) {
  errno: -4077,
  code: 'ECONNRESET',
  syscall: 'write'
}
Error: write ECONNRESET
    at WriteWrap.onWriteComplete [as oncomplete] (node:internal/stream_base_commons:87:19)
    at handleWriteReq (node:internal/stream_base_commons:52:26)
    at writeGeneric (node:internal/stream_base_commons:148:15)
    at Socket._writeGeneric (node:net:966:11)
    at Socket._write (node:net:978:8)
    at doWrite (node:internal/streams/writable:596:12)
    at clearBuffer (node:internal/streams/writable:781:7)
    at onwrite (node:internal/streams/writable:651:7)
    at WriteWrap.onWriteComplete [as oncomplete] (node:internal/stream_base_commons:105:10) {
  errno: -4077,
  code: 'ECONNRESET',
  syscall: 'write'
}
Error: write ECONNRESET
    at WriteWrap.onWriteComplete [as oncomplete] (node:internal/stream_base_commons:87:19)
    at handleWriteReq (node:internal/stream_base_commons:52:26)
    at writeGeneric (node:internal/stream_base_commons:148:15)
    at Socket._writeGeneric (node:net:966:11)
    at Socket._write (node:net:978:8)
    at doWrite (node:internal/streams/writable:596:12)
    at clearBuffer (node:internal/streams/writable:781:7)
    at onwrite (node:internal/streams/writable:651:7)
    at WriteWrap.onWriteComplete [as oncomplete] (node:internal/stream_base_commons:105:10) {
  errno: -4077,
  code: 'ECONNRESET',
  syscall: 'write'
}
Error: write ECONNRESET
    at WriteWrap.onWriteComplete [as oncomplete] (node:internal/stream_base_commons:87:19)
    at handleWriteReq (node:internal/stream_base_commons:52:26)
    at writeGeneric (node:internal/stream_base_commons:148:15)
    at Socket._writeGeneric (node:net:966:11)
    at Socket._write (node:net:978:8)
    at doWrite (node:internal/streams/writable:596:12)
    at clearBuffer (node:internal/streams/writable:781:7)
    at onwrite (node:internal/streams/writable:651:7)
    at WriteWrap.onWriteComplete [as oncomplete] (node:internal/stream_base_commons:105:10) {
  errno: -4077,
  code: 'ECONNRESET',
  syscall: 'write'
}
Error: read ECONNRESET
    at TLSWrap.onStreamRead (node:internal/stream_base_commons:216:20) {
  errno: -4077,
  code: 'ECONNRESET',
  syscall: 'read'
}
Error: read ECONNRESET
    at TLSWrap.onStreamRead (node:internal/stream_base_commons:216:20) {
  errno: -4077,
  code: 'ECONNRESET',
  syscall: 'read'
}
Error: read ECONNRESET
    at TLSWrap.onStreamRead (node:internal/stream_base_commons:216:20) {
  errno: -4077,
  code: 'ECONNRESET',
  syscall: 'read'
}
Error: read ECONNRESET
    at TLSWrap.onStreamRead (node:internal/stream_base_commons:216:20) {
  errno: -4077,
  code: 'ECONNRESET',
  syscall: 'read'
}
Error: read ECONNRESET
    at TLSWrap.onStreamRead (node:internal/stream_base_commons:216:20) {
  errno: -4077,
  code: 'ECONNRESET',
  syscall: 'read'
}
Error: read ECONNRESET
    at TLSWrap.onStreamRead (node:internal/stream_base_commons:216:20) {
  errno: -4077,
  code: 'ECONNRESET',
  syscall: 'read'
}
Error: read ECONNRESET
    at TLSWrap.onStreamRead (node:internal/stream_base_commons:216:20) {
  errno: -4077,
  code: 'ECONNRESET',
  syscall: 'read'
}
Error: read ECONNRESET
    at TLSWrap.onStreamRead (node:internal/stream_base_commons:216:20) {
  errno: -4077,
  code: 'ECONNRESET',
  syscall: 'read'
}
Error: read ECONNRESET
    at TLSWrap.onStreamRead (node:internal/stream_base_commons:216:20) {
  errno: -4077,
  code: 'ECONNRESET',
  syscall: 'read'
}
Error: read ECONNRESET
    at TLSWrap.onStreamRead (node:internal/stream_base_commons:216:20) {
  errno: -4077,
  code: 'ECONNRESET',
  syscall: 'read'
}
Error: read ECONNRESET
    at TLSWrap.onStreamRead (node:internal/stream_base_commons:216:20) {
  errno: -4077,
  code: 'ECONNRESET',
  syscall: 'read'
}
Error: read ECONNRESET
    at TLSWrap.onStreamRead (node:internal/stream_base_commons:216:20) {
  errno: -4077,
  code: 'ECONNRESET',
  syscall: 'read'
}
Error: read ECONNRESET
    at TLSWrap.onStreamRead (node:internal/stream_base_commons:216:20) {
  errno: -4077,
  code: 'ECONNRESET',
  syscall: 'read'
}
Error: read ECONNRESET
    at TLSWrap.onStreamRead (node:internal/stream_base_commons:216:20) {
  errno: -4077,
  code: 'ECONNRESET',
  syscall: 'read'
}
Error: write ECONNRESET
    at WriteWrap.onWriteComplete [as oncomplete] (node:internal/stream_base_commons:87:19)
    at handleWriteReq (node:internal/stream_base_commons:52:26)
    at writeGeneric (node:internal/stream_base_commons:148:15)
    at Socket._writeGeneric (node:net:966:11)
    at Socket._write (node:net:978:8)
    at doWrite (node:internal/streams/writable:596:12)
    at clearBuffer (node:internal/streams/writable:781:7)
    at onwrite (node:internal/streams/writable:651:7)
    at WriteWrap.onWriteComplete [as oncomplete] (node:internal/stream_base_commons:105:10) {
  errno: -4077,
  code: 'ECONNRESET',
  syscall: 'write'
}
Error: write ECONNRESET
    at WriteWrap.onWriteComplete [as oncomplete] (node:internal/stream_base_commons:87:19)
    at handleWriteReq (node:internal/stream_base_commons:52:26)
    at writeGeneric (node:internal/stream_base_commons:148:15)
    at Socket._writeGeneric (node:net:966:11)
    at Socket._write (node:net:978:8)
    at doWrite (node:internal/streams/writable:596:12)
    at clearBuffer (node:internal/streams/writable:781:7)
    at onwrite (node:internal/streams/writable:651:7)
    at WriteWrap.onWriteComplete [as oncomplete] (node:internal/stream_base_commons:105:10) {
  errno: -4077,
  code: 'ECONNRESET',
  syscall: 'write'
}
Error: write ECONNRESET
    at WriteWrap.onWriteComplete [as oncomplete] (node:internal/stream_base_commons:87:19)
    at handleWriteReq (node:internal/stream_base_commons:52:26)
    at writeGeneric (node:internal/stream_base_commons:148:15)
    at Socket._writeGeneric (node:net:966:11)
    at Socket._write (node:net:978:8)
    at doWrite (node:internal/streams/writable:596:12)
    at clearBuffer (node:internal/streams/writable:781:7)
    at onwrite (node:internal/streams/writable:651:7)
    at WriteWrap.onWriteComplete [as oncomplete] (node:internal/stream_base_commons:105:10) {
  errno: -4077,
  code: 'ECONNRESET',
  syscall: 'write'
}
Error: write ECONNRESET
    at WriteWrap.onWriteComplete [as oncomplete] (node:internal/stream_base_commons:87:19)
    at handleWriteReq (node:internal/stream_base_commons:52:26)
    at writeGeneric (node:internal/stream_base_commons:148:15)
    at Socket._writeGeneric (node:net:966:11)
    at Socket._write (node:net:978:8)
    at doWrite (node:internal/streams/writable:596:12)
    at clearBuffer (node:internal/streams/writable:781:7)
    at onwrite (node:internal/streams/writable:651:7)
    at WriteWrap.onWriteComplete [as oncomplete] (node:internal/stream_base_commons:105:10) {
  errno: -4077,
  code: 'ECONNRESET',
  syscall: 'write'
}
Error: read ECONNRESET
    at TLSWrap.onStreamRead (node:internal/stream_base_commons:216:20) {
  errno: -4077,
  code: 'ECONNRESET',
  syscall: 'read'
}
Error: read ECONNRESET
    at TLSWrap.onStreamRead (node:internal/stream_base_commons:216:20) {
  errno: -4077,
  code: 'ECONNRESET',
  syscall: 'read'
}
Error: read ECONNRESET
    at TLSWrap.onStreamRead (node:internal/stream_base_commons:216:20) {
  errno: -4077,
  code: 'ECONNRESET',
  syscall: 'read'
}
Error: read ECONNRESET
    at TLSWrap.onStreamRead (node:internal/stream_base_commons:216:20) {
  errno: -4077,
  code: 'ECONNRESET',
  syscall: 'read'
}
[ioredis] Unhandled error event: Error: read ECONNRESET
    at TLSWrap.onStreamRead (node:internal/stream_base_commons:216:20)
Error: read ECONNRESET
    at TLSWrap.onStreamRead (node:internal/stream_base_commons:216:20) {
  errno: -4077,
  code: 'ECONNRESET',
  syscall: 'read'
}
Error: read ECONNRESET
    at TLSWrap.onStreamRead (node:internal/stream_base_commons:216:20) {
  errno: -4077,
  code: 'ECONNRESET',
  syscall: 'read'
}
Error: read ECONNRESET
    at TLSWrap.onStreamRead (node:internal/stream_base_commons:216:20) {
  errno: -4077,
  code: 'ECONNRESET',
  syscall: 'read'
}
Error: read ECONNRESET
    at TLSWrap.onStreamRead (node:internal/stream_base_commons:216:20) {
  errno: -4077,
  code: 'ECONNRESET',
  syscall: 'read'
}
Error: read ECONNRESET
    at TLSWrap.onStreamRead (node:internal/stream_base_commons:216:20) {
  errno: -4077,
  code: 'ECONNRESET',
  syscall: 'read'
}
Error: read ECONNRESET
    at TLSWrap.onStreamRead (node:internal/stream_base_commons:216:20) {
  errno: -4077,
  code: 'ECONNRESET',
  syscall: 'read'
}
[ioredis] Unhandled error event: Error: read ECONNRESET
    at TLSWrap.onStreamRead (node:internal/stream_base_commons:216:20)
Error: read ECONNRESET
    at TLSWrap.onStreamRead (node:internal/stream_base_commons:216:20) {
  errno: -4077,
  code: 'ECONNRESET',
  syscall: 'read'
}
Error: read ECONNRESET
    at TLSWrap.onStreamRead (node:internal/stream_base_commons:216:20) {
  errno: -4077,
  code: 'ECONNRESET',
  syscall: 'read'
}
Error: read ECONNRESET
    at TLSWrap.onStreamRead (node:internal/stream_base_commons:216:20) {
  errno: -4077,
  code: 'ECONNRESET',
  syscall: 'read'
}
Error: read ECONNRESET
    at TLSWrap.onStreamRead (node:internal/stream_base_commons:216:20) {
  errno: -4077,
  code: 'ECONNRESET',
  syscall: 'read'
}
Error: read ECONNRESET
    at TLSWrap.onStreamRead (node:internal/stream_base_commons:216:20) {
  errno: -4077,
  code: 'ECONNRESET',
  syscall: 'read'
}
Error: read ECONNRESET
    at TLSWrap.onStreamRead (node:internal/stream_base_commons:216:20) {
  errno: -4077,
  code: 'ECONNRESET',
  syscall: 'read'
}
Error: read ECONNRESET
    at TLSWrap.onStreamRead (node:internal/stream_base_commons:216:20) {
  errno: -4077,
  code: 'ECONNRESET',
  syscall: 'read'
}
Error: read ECONNRESET
    at TLSWrap.onStreamRead (node:internal/stream_base_commons:216:20) {
  errno: -4077,
  code: 'ECONNRESET',
  syscall: 'read'
}
Error: read ECONNRESET
    at TLSWrap.onStreamRead (node:internal/stream_base_commons:216:20) {
  errno: -4077,
  code: 'ECONNRESET',
  syscall: 'read'
}
Error: read ECONNRESET
    at TLSWrap.onStreamRead (node:internal/stream_base_commons:216:20) {
  errno: -4077,
  code: 'ECONNRESET',
  syscall: 'read'
}
Error: read ECONNRESET
    at TLSWrap.onStreamRead (node:internal/stream_base_commons:216:20) {
  errno: -4077,
  code: 'ECONNRESET',
  syscall: 'read'
}
Error: read ECONNRESET
    at TLSWrap.onStreamRead (node:internal/stream_base_commons:216:20) {
  errno: -4077,
  code: 'ECONNRESET',
  syscall: 'read'
}
[ioredis] Unhandled error event: Error: read ECONNRESET
    at TLSWrap.onStreamRead (node:internal/stream_base_commons:216:20)
Error: read ECONNRESET
    at TLSWrap.onStreamRead (node:internal/stream_base_commons:216:20) {
  errno: -4077,
  code: 'ECONNRESET',
  syscall: 'read'
}
Error: read ECONNRESET
    at TLSWrap.onStreamRead (node:internal/stream_base_commons:216:20) {
  errno: -4077,
  code: 'ECONNRESET',
  syscall: 'read'
}
Error: read ECONNRESET
    at TLSWrap.onStreamRead (node:internal/stream_base_commons:216:20) {
  errno: -4077,
  code: 'ECONNRESET',
  syscall: 'read'
}
Error: read ECONNRESET
    at TLSWrap.onStreamRead (node:internal/stream_base_commons:216:20) {
  errno: -4077,
  code: 'ECONNRESET',
  syscall: 'read'
}
